Watching for file changes with StatReloader
[19/Jun/2025 12:07:27] "GET /api/meals/ HTTP/1.1" 200 1760
/Library/Frameworks/Python.framework/Versions/3.13/lib/python3.13/site-packages/rest_framework/fields.py:992: UserWarning: min_value should be a Decimal instance.
  warnings.warn("min_value should be a Decimal instance.")
[19/Jun/2025 12:07:27] "GET /api/meals/ HTTP/1.1" 200 1760
[19/Jun/2025 12:07:27] "GET /api/meals/ HTTP/1.1" 200 1760
[19/Jun/2025 12:07:27] "GET /api/meals/ HTTP/1.1" 200 1760
[19/Jun/2025 12:07:31] "GET /api/meals/ HTTP/1.1" 200 1760
[19/Jun/2025 12:07:42] "GET /api/meals/ HTTP/1.1" 200 1760
[19/Jun/2025 12:07:42] "GET /api/meals/ HTTP/1.1" 200 1760
[19/Jun/2025 12:07:44] "OPTIONS /api/auth/profile/ HTTP/1.1" 200 0
[19/Jun/2025 12:07:44] "OPTIONS /api/auth/profile/ HTTP/1.1" 200 0
[19/Jun/2025 12:07:45] "GET /api/auth/profile/ HTTP/1.1" 200 46
[19/Jun/2025 12:07:45] "GET /api/auth/profile/ HTTP/1.1" 200 46
[19/Jun/2025 12:07:49] "OPTIONS /api/auth/profile/update/ HTTP/1.1" 200 0
[19/Jun/2025 12:07:49] "POST /api/auth/profile/update/ HTTP/1.1" 200 202
[19/Jun/2025 12:07:49] "GET /api/auth/profile/ HTTP/1.1" 200 49
[19/Jun/2025 12:07:52] "GET /api/auth/profile/ HTTP/1.1" 200 49
[19/Jun/2025 12:07:52] "GET /api/auth/profile/ HTTP/1.1" 200 49
[19/Jun/2025 12:07:57] "POST /api/auth/profile/update/ HTTP/1.1" 200 199
[19/Jun/2025 12:07:57] "GET /api/auth/profile/ HTTP/1.1" 200 46
[19/Jun/2025 12:07:59] "GET /api/meals/ HTTP/1.1" 200 1760
[19/Jun/2025 12:07:59] "GET /api/meals/ HTTP/1.1" 200 1760
[19/Jun/2025 12:09:14] "GET /api/meals/ HTTP/1.1" 200 1760
[19/Jun/2025 12:09:14] "GET /api/meals/ HTTP/1.1" 200 1760
[19/Jun/2025 12:09:19] "GET /api/meals/ HTTP/1.1" 200 1760
[19/Jun/2025 12:09:19] "GET /api/meals/ HTTP/1.1" 200 1760
[19/Jun/2025 12:09:26] "GET /api/meals/ HTTP/1.1" 200 1760
[19/Jun/2025 12:09:26] "GET /api/meals/ HTTP/1.1" 200 1760
[19/Jun/2025 12:10:05] "GET /api/meals/ HTTP/1.1" 200 1760
[19/Jun/2025 12:10:05] "GET /api/meals/ HTTP/1.1" 200 1760
[19/Jun/2025 12:10:13] "GET /api/meals/ HTTP/1.1" 200 1760
[19/Jun/2025 12:10:13] "GET /api/meals/ HTTP/1.1" 200 1760
[19/Jun/2025 12:10:14] "GET /api/meals/ HTTP/1.1" 200 1760
[19/Jun/2025 12:10:15] "GET /api/meals/ HTTP/1.1" 200 1760
[19/Jun/2025 12:10:15] "GET /api/meals/ HTTP/1.1" 200 1760
[19/Jun/2025 12:11:38] "GET /api/meals/ HTTP/1.1" 200 1760
[19/Jun/2025 12:11:38] "GET /api/meals/ HTTP/1.1" 200 1760
[19/Jun/2025 12:11:41] "GET /api/meals/ HTTP/1.1" 200 1760
[19/Jun/2025 12:11:41] "GET /api/meals/ HTTP/1.1" 200 1760
[19/Jun/2025 12:11:45] "OPTIONS /api/cart/ HTTP/1.1" 200 0
Unauthorized: /api/cart/
[19/Jun/2025 12:11:45] "POST /api/cart/ HTTP/1.1" 401 58
[19/Jun/2025 12:14:26] "GET /api/meals/ HTTP/1.1" 200 1760
[19/Jun/2025 12:14:33] "GET /api/meals/ HTTP/1.1" 200 1760
[19/Jun/2025 12:14:33] "GET /api/meals/ HTTP/1.1" 200 1760
[19/Jun/2025 12:15:59] "GET /api/meals/ HTTP/1.1" 200 1760
[19/Jun/2025 12:15:59] "GET /api/meals/ HTTP/1.1" 200 1760
[19/Jun/2025 12:23:07] "GET /api/meals/ HTTP/1.1" 200 1760
[19/Jun/2025 12:23:07] "GET /api/meals/ HTTP/1.1" 200 1760
[19/Jun/2025 12:23:19] "GET /api/meals/ HTTP/1.1" 200 1760
[19/Jun/2025 12:23:19] "GET /api/meals/ HTTP/1.1" 200 1760
[19/Jun/2025 12:26:21] "GET /api/meals/ HTTP/1.1" 200 1760
[19/Jun/2025 12:26:21] "GET /api/meals/ HTTP/1.1" 200 1760
[19/Jun/2025 12:26:29] "GET /api/meals/ HTTP/1.1" 200 1760
[19/Jun/2025 12:26:29] "GET /api/meals/ HTTP/1.1" 200 1760
[19/Jun/2025 12:26:42] "GET /api/meals/ HTTP/1.1" 200 1760
[19/Jun/2025 12:26:42] "GET /api/meals/ HTTP/1.1" 200 1760
[19/Jun/2025 12:28:08] "GET /api/meals/ HTTP/1.1" 200 1760
[19/Jun/2025 12:28:08] "GET /api/meals/ HTTP/1.1" 200 1760
[19/Jun/2025 12:28:09] "GET /api/meals/ HTTP/1.1" 200 1760
[19/Jun/2025 12:28:09] "GET /api/meals/ HTTP/1.1" 200 1760
[19/Jun/2025 12:30:04] "GET /api/meals/ HTTP/1.1" 200 1760
[19/Jun/2025 12:30:04] "GET /api/meals/ HTTP/1.1" 200 1760
[19/Jun/2025 12:30:10] "GET /api/meals/ HTTP/1.1" 200 1760
[19/Jun/2025 12:30:10] "GET /api/meals/ HTTP/1.1" 200 1760
[19/Jun/2025 12:30:21] "GET /api/meals/ HTTP/1.1" 200 1760
[19/Jun/2025 12:30:21] "GET /api/meals/ HTTP/1.1" 200 1760
[19/Jun/2025 12:30:40] "GET /api/meals/ HTTP/1.1" 200 1760
[19/Jun/2025 12:30:40] "GET /api/meals/ HTTP/1.1" 200 1760
[19/Jun/2025 12:31:39] "GET /api/meals/ HTTP/1.1" 200 1760
[19/Jun/2025 12:31:39] "GET /api/meals/ HTTP/1.1" 200 1760
[19/Jun/2025 12:31:45] "GET /api/meals/ HTTP/1.1" 200 1760
[19/Jun/2025 12:31:45] "GET /api/meals/ HTTP/1.1" 200 1760
[19/Jun/2025 12:31:50] "GET /api/meals/ HTTP/1.1" 200 1760
[19/Jun/2025 12:31:50] "GET /api/meals/ HTTP/1.1" 200 1760
[19/Jun/2025 12:31:55] "GET /api/meals/ HTTP/1.1" 200 1760
[19/Jun/2025 12:31:55] "GET /api/meals/ HTTP/1.1" 200 1760
[19/Jun/2025 12:31:57] "GET /api/meals/ HTTP/1.1" 200 1760
[19/Jun/2025 12:31:57] "GET /api/meals/ HTTP/1.1" 200 1760
[19/Jun/2025 12:33:28] "GET /api/meals/ HTTP/1.1" 200 1760
[19/Jun/2025 12:33:28] "GET /api/meals/ HTTP/1.1" 200 1760
[19/Jun/2025 12:33:42] "GET /api/meals/ HTTP/1.1" 200 1760
[19/Jun/2025 12:33:42] "GET /api/meals/ HTTP/1.1" 200 1760
[19/Jun/2025 12:34:02] "GET /api/meals/ HTTP/1.1" 200 1760
[19/Jun/2025 12:34:02] "GET /api/meals/ HTTP/1.1" 200 1760
[19/Jun/2025 12:35:29] "OPTIONS /api/auth/login/ HTTP/1.1" 200 0
[19/Jun/2025 12:35:30] "POST /api/auth/login/ HTTP/1.1" 200 537
[19/Jun/2025 12:35:32] "GET /api/meals/ HTTP/1.1" 200 1760
[19/Jun/2025 12:35:32] "GET /api/meals/ HTTP/1.1" 200 1760
[19/Jun/2025 12:35:53] "GET /api/meals/ HTTP/1.1" 200 1760
[19/Jun/2025 12:35:53] "GET /api/meals/ HTTP/1.1" 200 1760
[19/Jun/2025 12:35:57] "GET /api/meals/ HTTP/1.1" 200 1760
[19/Jun/2025 12:35:57] "GET /api/meals/ HTTP/1.1" 200 1760
[19/Jun/2025 12:37:22] "GET /api/meals/ HTTP/1.1" 200 1760
[19/Jun/2025 12:37:22] "GET /api/meals/ HTTP/1.1" 200 1760
[19/Jun/2025 12:37:26] "GET /api/meals/ HTTP/1.1" 200 1760
[19/Jun/2025 12:37:26] "GET /api/meals/ HTTP/1.1" 200 1760
[19/Jun/2025 12:37:40] "GET /api/meals/ HTTP/1.1" 200 1760
[19/Jun/2025 12:37:40] "GET /api/meals/ HTTP/1.1" 200 1760
[19/Jun/2025 12:37:45] "GET /api/auth/profile/ HTTP/1.1" 200 46
[19/Jun/2025 12:37:45] "GET /api/auth/profile/ HTTP/1.1" 200 46
[19/Jun/2025 12:37:51] "GET /api/auth/profile/ HTTP/1.1" 200 46
[19/Jun/2025 12:37:51] "POST /api/auth/profile/update/ HTTP/1.1" 200 202
[19/Jun/2025 12:37:51] "GET /api/auth/profile/ HTTP/1.1" 200 49
[19/Jun/2025 12:37:55] "GET /api/meals/ HTTP/1.1" 200 1760
[19/Jun/2025 12:37:55] "GET /api/meals/ HTTP/1.1" 200 1760
[19/Jun/2025 12:37:56] "GET /api/meals/ HTTP/1.1" 200 1760
[19/Jun/2025 12:37:56] "GET /api/meals/ HTTP/1.1" 200 1760
[19/Jun/2025 12:44:22] "POST /api/auth/login/ HTTP/1.1" 200 540
[19/Jun/2025 12:44:24] "GET /api/meals/ HTTP/1.1" 200 1760
[19/Jun/2025 12:44:24] "GET /api/meals/ HTTP/1.1" 200 1760
[19/Jun/2025 12:45:10] "GET /api/meals/ HTTP/1.1" 200 1760
[19/Jun/2025 12:45:10] "GET /api/meals/ HTTP/1.1" 200 1760
[19/Jun/2025 12:47:08] "POST /api/auth/login/ HTTP/1.1" 200 540
[19/Jun/2025 12:47:10] "GET /api/meals/ HTTP/1.1" 200 1760
[19/Jun/2025 12:47:10] "GET /api/meals/ HTTP/1.1" 200 1760
[19/Jun/2025 12:52:57] "POST /api/auth/login/ HTTP/1.1" 200 540
[19/Jun/2025 12:52:59] "GET /api/meals/ HTTP/1.1" 200 1760
[19/Jun/2025 12:52:59] "GET /api/meals/ HTTP/1.1" 200 1760
[19/Jun/2025 12:53:06] "GET /api/meals/ HTTP/1.1" 200 1760
[19/Jun/2025 12:53:06] "GET /api/meals/ HTTP/1.1" 200 1760
[19/Jun/2025 12:53:09] "GET /api/auth/profile/ HTTP/1.1" 200 49
[19/Jun/2025 12:53:09] "GET /api/auth/profile/ HTTP/1.1" 200 49
[19/Jun/2025 12:53:13] "GET /api/auth/profile/ HTTP/1.1" 200 49
[19/Jun/2025 12:53:35] "GET /api/auth/profile/ HTTP/1.1" 200 49
[19/Jun/2025 12:53:37] "GET /api/meals/ HTTP/1.1" 200 1760
[19/Jun/2025 12:53:37] "GET /api/meals/ HTTP/1.1" 200 1760
[19/Jun/2025 12:53:39] "GET /api/meals/ HTTP/1.1" 200 1760
[19/Jun/2025 12:53:45] "GET /api/meals/ HTTP/1.1" 200 1760
[19/Jun/2025 12:53:45] "GET /api/meals/ HTTP/1.1" 200 1760
[19/Jun/2025 12:53:50] "GET /api/meals/ HTTP/1.1" 200 1760
Unauthorized: /api/cart/
[19/Jun/2025 12:53:57] "POST /api/cart/ HTTP/1.1" 401 58
Unauthorized: /api/cart/
[19/Jun/2025 12:54:18] "POST /api/cart/ HTTP/1.1" 401 58
Unauthorized: /api/cart/
[19/Jun/2025 12:54:19] "POST /api/cart/ HTTP/1.1" 401 58
Unauthorized: /api/cart/
[19/Jun/2025 12:54:19] "POST /api/cart/ HTTP/1.1" 401 58
[19/Jun/2025 12:54:42] "GET /api/meals/ HTTP/1.1" 200 1760
[19/Jun/2025 12:54:42] "GET /api/meals/ HTTP/1.1" 200 1760
[19/Jun/2025 12:55:02] "GET /api/meals/ HTTP/1.1" 200 1760
[19/Jun/2025 12:55:02] "GET /api/meals/ HTTP/1.1" 200 1760
[19/Jun/2025 12:55:58] "GET /api/meals/ HTTP/1.1" 200 1760
[19/Jun/2025 12:55:58] "GET /api/meals/ HTTP/1.1" 200 1760
[19/Jun/2025 12:56:00] "GET /api/meals/ HTTP/1.1" 200 1760
[19/Jun/2025 12:56:00] "GET /api/meals/ HTTP/1.1" 200 1760
[19/Jun/2025 12:56:10] "GET /api/meals/ HTTP/1.1" 200 1760
[19/Jun/2025 12:56:16] "GET /api/meals/ HTTP/1.1" 200 1760
[19/Jun/2025 12:56:24] "GET /api/meals/ HTTP/1.1" 200 1760
[19/Jun/2025 12:56:24] "GET /api/meals/ HTTP/1.1" 200 1760
[19/Jun/2025 12:56:27] "GET /api/meals/ HTTP/1.1" 200 1760
[19/Jun/2025 12:56:27] "GET /api/meals/ HTTP/1.1" 200 1760
[19/Jun/2025 12:56:30] "GET /api/auth/profile/ HTTP/1.1" 200 49
[19/Jun/2025 12:56:30] "GET /api/auth/profile/ HTTP/1.1" 200 49
[19/Jun/2025 12:56:34] "POST /api/auth/profile/update/ HTTP/1.1" 200 199
[19/Jun/2025 12:56:34] "GET /api/auth/profile/ HTTP/1.1" 200 46
[19/Jun/2025 12:56:39] "GET /api/auth/profile/ HTTP/1.1" 200 46
[19/Jun/2025 12:56:39] "GET /api/auth/profile/ HTTP/1.1" 200 46
[19/Jun/2025 12:56:43] "POST /api/auth/profile/update/ HTTP/1.1" 200 202
[19/Jun/2025 12:56:43] "GET /api/auth/profile/ HTTP/1.1" 200 49
[19/Jun/2025 12:56:47] "GET /api/auth/profile/ HTTP/1.1" 200 49
[19/Jun/2025 12:56:47] "GET /api/auth/profile/ HTTP/1.1" 200 49
[19/Jun/2025 12:56:49] "GET /api/meals/ HTTP/1.1" 200 1760
[19/Jun/2025 12:56:49] "GET /api/meals/ HTTP/1.1" 200 1760
[19/Jun/2025 12:57:05] "GET /api/meals/ HTTP/1.1" 200 1760
[19/Jun/2025 12:57:05] "GET /api/meals/ HTTP/1.1" 200 1760
[19/Jun/2025 12:57:08] "GET /api/meals/ HTTP/1.1" 200 1760
[19/Jun/2025 12:57:08] "GET /api/meals/ HTTP/1.1" 200 1760
[19/Jun/2025 13:12:49] "GET /api/meals/ HTTP/1.1" 200 1760
[19/Jun/2025 13:12:49] "GET /api/meals/ HTTP/1.1" 200 1760
[19/Jun/2025 13:14:06] "GET /api/meals/ HTTP/1.1" 200 1760
[19/Jun/2025 13:14:06] "GET /api/meals/ HTTP/1.1" 200 1760
[19/Jun/2025 13:17:24] "GET /api/meals/ HTTP/1.1" 200 1760
[19/Jun/2025 13:17:24] "GET /api/meals/ HTTP/1.1" 200 1760
[19/Jun/2025 13:18:04] "POST /api/auth/login/ HTTP/1.1" 200 540
[19/Jun/2025 13:18:06] "GET /api/meals/ HTTP/1.1" 200 1760
[19/Jun/2025 13:18:06] "GET /api/meals/ HTTP/1.1" 200 1760
[19/Jun/2025 13:19:07] "GET /api/meals/ HTTP/1.1" 200 1760
[19/Jun/2025 13:19:07] "GET /api/meals/ HTTP/1.1" 200 1760
[19/Jun/2025 13:19:12] "GET /api/meals/ HTTP/1.1" 200 1760
[19/Jun/2025 13:19:12] "GET /api/meals/ HTTP/1.1" 200 1760
[19/Jun/2025 13:19:16] "GET /api/meals/ HTTP/1.1" 200 1760
[19/Jun/2025 13:19:16] "GET /api/meals/ HTTP/1.1" 200 1760
[19/Jun/2025 13:19:18] "GET /api/meals/ HTTP/1.1" 200 1760
[19/Jun/2025 13:19:18] "GET /api/meals/ HTTP/1.1" 200 1760
[19/Jun/2025 13:19:21] "GET /api/meals/ HTTP/1.1" 200 1760
[19/Jun/2025 13:19:33] "GET /api/meals/ HTTP/1.1" 200 1760
[19/Jun/2025 13:19:33] "GET /api/meals/ HTTP/1.1" 200 1760
[19/Jun/2025 13:19:37] "GET /api/meals/ HTTP/1.1" 200 1760
[19/Jun/2025 13:19:37] "GET /api/meals/ HTTP/1.1" 200 1760
[19/Jun/2025 13:19:38] "GET /api/meals/ HTTP/1.1" 200 1760
[19/Jun/2025 13:19:38] "GET /api/meals/ HTTP/1.1" 200 1760
[19/Jun/2025 13:19:40] "GET /api/meals/ HTTP/1.1" 200 1760
[19/Jun/2025 13:19:40] "GET /api/meals/ HTTP/1.1" 200 1760
[19/Jun/2025 13:19:42] "GET /api/meals/ HTTP/1.1" 200 1760
[19/Jun/2025 13:19:42] "GET /api/meals/ HTTP/1.1" 200 1760
[19/Jun/2025 13:21:57] "GET /api/meals/ HTTP/1.1" 200 1760
[19/Jun/2025 13:21:57] "GET /api/meals/ HTTP/1.1" 200 1760
[19/Jun/2025 13:22:06] "GET /api/meals/ HTTP/1.1" 200 1760
[19/Jun/2025 13:22:06] "GET /api/meals/ HTTP/1.1" 200 1760
[19/Jun/2025 13:32:30] "GET /api/meals/ HTTP/1.1" 200 1760
[19/Jun/2025 13:32:32] "GET /api/meals/ HTTP/1.1" 200 1760
[19/Jun/2025 13:32:32] "GET /api/meals/ HTTP/1.1" 200 1760
[19/Jun/2025 13:33:51] "GET /api/meals/ HTTP/1.1" 200 1760
[19/Jun/2025 13:33:51] "GET /api/meals/ HTTP/1.1" 200 1760
[19/Jun/2025 13:33:52] "GET /api/meals/ HTTP/1.1" 200 1760
[19/Jun/2025 13:33:53] "GET /api/meals/ HTTP/1.1" 200 1760
[19/Jun/2025 13:33:53] "GET /api/meals/ HTTP/1.1" 200 1760
[19/Jun/2025 13:39:17] "GET /api/meals/ HTTP/1.1" 200 1760
[19/Jun/2025 13:39:17] "GET /api/meals/ HTTP/1.1" 200 1760
[19/Jun/2025 13:40:12] "GET /api/meals/ HTTP/1.1" 200 1760
[19/Jun/2025 13:40:12] "GET /api/meals/ HTTP/1.1" 200 1760
[19/Jun/2025 13:42:19] "GET /api/meals/ HTTP/1.1" 200 1760
[19/Jun/2025 13:42:19] "GET /api/meals/ HTTP/1.1" 200 1760
[19/Jun/2025 13:48:31] "GET /api/meals/ HTTP/1.1" 200 1760
[19/Jun/2025 13:48:31] "GET /api/meals/ HTTP/1.1" 200 1760
[19/Jun/2025 13:48:32] "GET /api/meals/ HTTP/1.1" 200 1760
[19/Jun/2025 13:48:32] "GET /api/meals/ HTTP/1.1" 200 1760
[19/Jun/2025 13:51:18] "GET /api/meals/ HTTP/1.1" 200 1760
[19/Jun/2025 13:51:18] "GET /api/meals/ HTTP/1.1" 200 1760
[19/Jun/2025 13:53:34] "GET /api/meals/ HTTP/1.1" 200 1760
[19/Jun/2025 13:53:34] "GET /api/meals/ HTTP/1.1" 200 1760
[19/Jun/2025 13:53:42] "GET /api/meals/ HTTP/1.1" 200 1760
[19/Jun/2025 13:53:42] "GET /api/meals/ HTTP/1.1" 200 1760
[19/Jun/2025 13:53:56] "GET /api/meals/ HTTP/1.1" 200 1760
[19/Jun/2025 13:53:56] "GET /api/meals/ HTTP/1.1" 200 1760
[19/Jun/2025 13:55:41] "GET /api/meals/ HTTP/1.1" 200 1760
[19/Jun/2025 13:55:41] "GET /api/meals/ HTTP/1.1" 200 1760
[19/Jun/2025 13:55:56] "GET /api/meals/ HTTP/1.1" 200 1760
[19/Jun/2025 13:55:56] "GET /api/meals/ HTTP/1.1" 200 1760
[19/Jun/2025 13:56:03] "GET /api/meals/ HTTP/1.1" 200 1760
[19/Jun/2025 13:56:03] "GET /api/meals/ HTTP/1.1" 200 1760
[19/Jun/2025 13:56:04] "GET /api/meals/ HTTP/1.1" 200 1760
[19/Jun/2025 13:56:18] "GET /api/meals/ HTTP/1.1" 200 1760
[19/Jun/2025 13:56:18] "GET /api/meals/ HTTP/1.1" 200 1760
[19/Jun/2025 14:02:53] "GET /api/meals/ HTTP/1.1" 200 1760
[19/Jun/2025 14:02:53] "GET /api/meals/ HTTP/1.1" 200 1760
[19/Jun/2025 14:02:57] "GET /api/meals/ HTTP/1.1" 200 1760
[19/Jun/2025 14:02:57] "GET /api/meals/ HTTP/1.1" 200 1760
[19/Jun/2025 14:05:03] "GET /api/meals/ HTTP/1.1" 200 1760
[19/Jun/2025 14:05:03] "GET /api/meals/ HTTP/1.1" 200 1760
[19/Jun/2025 14:05:06] "GET /api/meals/ HTTP/1.1" 200 1760
[19/Jun/2025 14:05:07] "GET /api/meals/ HTTP/1.1" 200 1760
[19/Jun/2025 14:05:07] "GET /api/meals/ HTTP/1.1" 200 1760
[19/Jun/2025 14:05:10] "GET /api/meals/ HTTP/1.1" 200 1760
[19/Jun/2025 14:05:10] "GET /api/meals/ HTTP/1.1" 200 1760
[19/Jun/2025 14:07:22] "GET /api/meals/ HTTP/1.1" 200 1760
[19/Jun/2025 14:07:22] "GET /api/meals/ HTTP/1.1" 200 1760
[19/Jun/2025 14:07:24] "GET /api/meals/ HTTP/1.1" 200 1760
[19/Jun/2025 14:07:24] "GET /api/meals/ HTTP/1.1" 200 1760
[19/Jun/2025 14:10:45] "GET /api/meals/ HTTP/1.1" 200 1760
[19/Jun/2025 14:10:45] "GET /api/meals/ HTTP/1.1" 200 1760
[19/Jun/2025 14:12:45] "GET /api/meals/ HTTP/1.1" 200 1760
[19/Jun/2025 14:12:45] "GET /api/meals/ HTTP/1.1" 200 1760
[19/Jun/2025 14:13:02] "GET /api/meals/ HTTP/1.1" 200 1760
[19/Jun/2025 14:13:02] "GET /api/meals/ HTTP/1.1" 200 1760
[19/Jun/2025 14:13:07] "GET /api/meals/ HTTP/1.1" 200 1760
[19/Jun/2025 14:13:07] "GET /api/meals/ HTTP/1.1" 200 1760
[19/Jun/2025 14:14:23] "GET /api/meals/ HTTP/1.1" 200 1760
[19/Jun/2025 14:14:23] "GET /api/meals/ HTTP/1.1" 200 1760
[19/Jun/2025 14:19:34] "GET /api/meals/ HTTP/1.1" 200 1760
[19/Jun/2025 14:19:34] "GET /api/meals/ HTTP/1.1" 200 1760
[19/Jun/2025 14:19:42] "POST /api/auth/login/ HTTP/1.1" 200 540
[19/Jun/2025 14:19:44] "GET /api/meals/ HTTP/1.1" 200 1760
[19/Jun/2025 14:19:44] "GET /api/meals/ HTTP/1.1" 200 1760
[19/Jun/2025 14:19:51] "GET /api/meals/ HTTP/1.1" 200 1760
[19/Jun/2025 14:19:51] "GET /api/meals/ HTTP/1.1" 200 1760
[19/Jun/2025 14:20:41] "GET /api/meals/ HTTP/1.1" 200 1760
[19/Jun/2025 14:20:41] "GET /api/meals/ HTTP/1.1" 200 1760
[19/Jun/2025 14:22:38] "GET /api/meals/ HTTP/1.1" 200 1760
[19/Jun/2025 14:22:38] "GET /api/meals/ HTTP/1.1" 200 1760
[19/Jun/2025 15:03:09] "GET /api/meals/ HTTP/1.1" 200 1760
[19/Jun/2025 15:03:09] "GET /api/meals/ HTTP/1.1" 200 1760
[19/Jun/2025 15:03:10] "GET /api/meals/ HTTP/1.1" 200 1760
[19/Jun/2025 15:03:10] "GET /api/meals/ HTTP/1.1" 200 1760
[19/Jun/2025 15:04:05] "GET /api/meals/ HTTP/1.1" 200 1760
[19/Jun/2025 15:04:05] "GET /api/meals/ HTTP/1.1" 200 1760
[19/Jun/2025 15:04:13] "POST /api/auth/login/ HTTP/1.1" 200 540
[19/Jun/2025 15:04:15] "GET /api/meals/ HTTP/1.1" 200 1760
[19/Jun/2025 15:04:15] "GET /api/meals/ HTTP/1.1" 200 1760
[19/Jun/2025 15:05:27] "GET /api/meals/ HTTP/1.1" 200 1760
[19/Jun/2025 15:05:27] "GET /api/meals/ HTTP/1.1" 200 1760
[19/Jun/2025 15:05:31] "GET /api/meals/ HTTP/1.1" 200 1760
[19/Jun/2025 15:05:31] "GET /api/meals/ HTTP/1.1" 200 1760
[19/Jun/2025 15:05:55] "GET /api/meals/ HTTP/1.1" 200 1760
[19/Jun/2025 15:05:55] "GET /api/meals/ HTTP/1.1" 200 1760
[19/Jun/2025 15:06:03] "GET /api/meals/ HTTP/1.1" 200 1760
[19/Jun/2025 15:06:03] "GET /api/meals/ HTTP/1.1" 200 1760
[19/Jun/2025 15:06:07] "GET /api/meals/ HTTP/1.1" 200 1760
[19/Jun/2025 15:06:07] "GET /api/meals/ HTTP/1.1" 200 1760
[19/Jun/2025 15:06:14] "GET /api/meals/ HTTP/1.1" 200 1760
[19/Jun/2025 15:06:14] "GET /api/meals/ HTTP/1.1" 200 1760
[19/Jun/2025 15:06:46] "POST /api/auth/login/ HTTP/1.1" 200 540
[19/Jun/2025 15:06:52] "POST /api/auth/login/ HTTP/1.1" 200 540
[19/Jun/2025 15:06:54] "GET /api/meals/ HTTP/1.1" 200 1760
[19/Jun/2025 15:06:54] "GET /api/meals/ HTTP/1.1" 200 1760
[19/Jun/2025 15:07:02] "POST /api/auth/login/ HTTP/1.1" 200 540
[19/Jun/2025 15:07:04] "GET /api/meals/ HTTP/1.1" 200 1760
[19/Jun/2025 15:07:04] "GET /api/meals/ HTTP/1.1" 200 1760
[19/Jun/2025 15:10:45] "OPTIONS /api/auth/profile/ HTTP/1.1" 200 0
[19/Jun/2025 15:10:45] "OPTIONS /api/auth/profile/ HTTP/1.1" 200 0
[19/Jun/2025 15:10:45] "GET /api/auth/profile/ HTTP/1.1" 200 49
[19/Jun/2025 15:10:45] "GET /api/auth/profile/ HTTP/1.1" 200 49
[19/Jun/2025 15:10:48] "GET /api/auth/profile/ HTTP/1.1" 200 49
[19/Jun/2025 15:10:52] "GET /api/meals/ HTTP/1.1" 200 1760
[19/Jun/2025 15:10:52] "GET /api/meals/ HTTP/1.1" 200 1760
[19/Jun/2025 15:11:33] "GET /api/meals/ HTTP/1.1" 200 1760
[19/Jun/2025 15:11:33] "GET /api/meals/ HTTP/1.1" 200 1760
[19/Jun/2025 15:18:54] "GET /api/meals/ HTTP/1.1" 200 1760
[19/Jun/2025 15:18:54] "GET /api/meals/ HTTP/1.1" 200 1760
[19/Jun/2025 15:19:01] "GET /api/meals/ HTTP/1.1" 200 1760
[19/Jun/2025 15:19:01] "GET /api/meals/ HTTP/1.1" 200 1760
[19/Jun/2025 15:19:43] "OPTIONS /api/auth/login/ HTTP/1.1" 200 0
[19/Jun/2025 15:19:44] "POST /api/auth/login/ HTTP/1.1" 200 540
[19/Jun/2025 15:19:46] "GET /api/meals/ HTTP/1.1" 200 1760
[19/Jun/2025 15:19:46] "GET /api/meals/ HTTP/1.1" 200 1760
[19/Jun/2025 15:19:51] "GET /api/meals/ HTTP/1.1" 200 1760
[19/Jun/2025 15:19:51] "GET /api/meals/ HTTP/1.1" 200 1760
[19/Jun/2025 15:19:53] "GET /api/meals/ HTTP/1.1" 200 1760
[19/Jun/2025 15:19:53] "GET /api/meals/ HTTP/1.1" 200 1760
[19/Jun/2025 15:22:09] "GET /api/meals/ HTTP/1.1" 200 1760
[19/Jun/2025 15:22:09] "GET /api/meals/ HTTP/1.1" 200 1760
[19/Jun/2025 15:22:22] "GET /api/meals/ HTTP/1.1" 200 1760
[19/Jun/2025 15:22:22] "GET /api/meals/ HTTP/1.1" 200 1760
[19/Jun/2025 15:24:29] "GET /api/meals/ HTTP/1.1" 200 1760
[19/Jun/2025 15:24:29] "GET /api/meals/ HTTP/1.1" 200 1760
[19/Jun/2025 15:24:39] "GET /api/meals/ HTTP/1.1" 200 1760
[19/Jun/2025 15:24:39] "GET /api/meals/ HTTP/1.1" 200 1760
[19/Jun/2025 15:24:46] "POST /api/auth/login/ HTTP/1.1" 200 540
[19/Jun/2025 15:24:48] "GET /api/meals/ HTTP/1.1" 200 1760
[19/Jun/2025 15:24:48] "GET /api/meals/ HTTP/1.1" 200 1760
[19/Jun/2025 15:24:51] "GET /api/meals/ HTTP/1.1" 200 1760
[19/Jun/2025 15:24:51] "GET /api/meals/ HTTP/1.1" 200 1760
[19/Jun/2025 15:27:20] "GET /api/meals/ HTTP/1.1" 200 1760
[19/Jun/2025 15:27:20] "GET /api/meals/ HTTP/1.1" 200 1760
[19/Jun/2025 15:27:23] "GET /api/meals/ HTTP/1.1" 200 1760
[19/Jun/2025 15:27:23] "GET /api/meals/ HTTP/1.1" 200 1760
[19/Jun/2025 15:28:41] "GET /api/meals/ HTTP/1.1" 200 1760
[19/Jun/2025 15:28:41] "GET /api/meals/ HTTP/1.1" 200 1760
[19/Jun/2025 15:28:42] "GET /api/meals/ HTTP/1.1" 200 1760
[19/Jun/2025 15:28:42] "GET /api/meals/ HTTP/1.1" 200 1760
[19/Jun/2025 15:28:43] "GET /api/meals/ HTTP/1.1" 200 1760
[19/Jun/2025 15:28:43] "GET /api/meals/ HTTP/1.1" 200 1760
[19/Jun/2025 15:28:43] "GET /api/meals/ HTTP/1.1" 200 1760
[19/Jun/2025 15:28:43] "GET /api/meals/ HTTP/1.1" 200 1760
[19/Jun/2025 15:28:43] "GET /api/meals/ HTTP/1.1" 200 1760
[19/Jun/2025 15:28:43] "GET /api/meals/ HTTP/1.1" 200 1760
[19/Jun/2025 15:28:43] "GET /api/meals/ HTTP/1.1" 200 1760
[19/Jun/2025 15:28:43] "GET /api/meals/ HTTP/1.1" 200 1760
Not Found: /api/auth/login/
[19/Jun/2025 15:29:31] "POST /api/auth/login/ HTTP/1.1" 404 28
Not Found: /api/auth/login/
[19/Jun/2025 15:29:33] "POST /api/auth/login/ HTTP/1.1" 404 28
[19/Jun/2025 15:30:20] "OPTIONS /api/auth/registration/ HTTP/1.1" 200 0
[19/Jun/2025 15:30:21] "POST /api/auth/registration/ HTTP/1.1" 201 641
[19/Jun/2025 15:30:23] "GET /api/meals/ HTTP/1.1" 200 1760
[19/Jun/2025 15:30:23] "GET /api/meals/ HTTP/1.1" 200 1760
[19/Jun/2025 15:30:36] "GET /api/meals/ HTTP/1.1" 200 1760
[19/Jun/2025 15:30:36] "GET /api/meals/ HTTP/1.1" 200 1760
[19/Jun/2025 15:31:07] "GET /api/meals/ HTTP/1.1" 200 1760
[19/Jun/2025 15:31:07] "GET /api/meals/ HTTP/1.1" 200 1760
[19/Jun/2025 15:32:36] "GET /api/meals/ HTTP/1.1" 200 1760
[19/Jun/2025 15:32:36] "GET /api/meals/ HTTP/1.1" 200 1760
[19/Jun/2025 15:32:36] "GET /api/meals/ HTTP/1.1" 200 1760
[19/Jun/2025 15:32:36] "GET /api/meals/ HTTP/1.1" 200 1760
[19/Jun/2025 15:32:39] "GET /api/meals/ HTTP/1.1" 200 1760
[19/Jun/2025 15:32:39] "GET /api/meals/ HTTP/1.1" 200 1760
[19/Jun/2025 15:40:13] "GET /api/meals/ HTTP/1.1" 200 1760
[19/Jun/2025 15:40:13] "GET /api/meals/ HTTP/1.1" 200 1760
[19/Jun/2025 15:41:16] "POST /api/auth/login/ HTTP/1.1" 200 544
[19/Jun/2025 15:41:18] "GET /api/meals/ HTTP/1.1" 200 1760
[19/Jun/2025 15:41:18] "GET /api/meals/ HTTP/1.1" 200 1760
[19/Jun/2025 15:41:27] "GET /api/meals/ HTTP/1.1" 200 1760
[19/Jun/2025 15:41:27] "GET /api/meals/ HTTP/1.1" 200 1760
[19/Jun/2025 15:51:28] "POST /api/auth/login/ HTTP/1.1" 200 544
[19/Jun/2025 15:51:30] "GET /api/meals/ HTTP/1.1" 200 1760
[19/Jun/2025 15:51:30] "GET /api/meals/ HTTP/1.1" 200 1760
[19/Jun/2025 17:06:08] "GET /api/meals/ HTTP/1.1" 200 1760
[19/Jun/2025 17:06:08] "GET /api/meals/ HTTP/1.1" 200 1760
[19/Jun/2025 17:08:57] "GET /api/meals/ HTTP/1.1" 200 1760
[19/Jun/2025 17:08:57] "GET /api/meals/ HTTP/1.1" 200 1760
[19/Jun/2025 17:10:53] "GET /api/meals/ HTTP/1.1" 200 1760
[19/Jun/2025 17:10:53] "GET /api/meals/ HTTP/1.1" 200 1760
[19/Jun/2025 17:11:00] "GET /api/meals/ HTTP/1.1" 200 1760
[19/Jun/2025 17:11:00] "GET /api/meals/ HTTP/1.1" 200 1760
Performing system checks...

System check identified no issues (0 silenced).
June 19, 2025 - 12:07:16
Django version 5.1.4, using settings 'foodapp.settings'
Starting development server at http://127.0.0.1:8001/
Quit the server with CONTROL-C.

